Determining if the pthread_create exist failed with the following output:
Change Dir: /home/zhaozhong/C++Test/PCL/CMakeFiles/CMakeTmp

Run Build Command:"/usr/bin/make" "cmTC_5cf17/fast"
/usr/bin/make -f CMakeFiles/cmTC_5cf17.dir/build.make CMakeFiles/cmTC_5cf17.dir/build
make[1]: Entering directory '/home/zhaozhong/C++Test/PCL/CMakeFiles/CMakeTmp'
Building C object CMakeFiles/cmTC_5cf17.dir/CheckSymbolExists.c.o
/usr/bin/cc     -o CMakeFiles/cmTC_5cf17.dir/CheckSymbolExists.c.o   -c /home/zhaozhong/C++Test/PCL/CMakeFiles/CMakeTmp/CheckSymbolExists.c
Linking C executable cmTC_5cf17
/usr/bin/cmake -E cmake_link_script CMakeFiles/cmTC_5cf17.dir/link.txt --verbose=1
/usr/bin/cc       CMakeFiles/cmTC_5cf17.dir/CheckSymbolExists.c.o  -o cmTC_5cf17 -rdynamic 
CMakeFiles/cmTC_5cf17.dir/CheckSymbolExists.c.o: In function `main':
CheckSymbolExists.c:(.text+0x16): undefined reference to `pthread_create'
collect2: error: ld returned 1 exit status
CMakeFiles/cmTC_5cf17.dir/build.make:97: recipe for target 'cmTC_5cf17' failed
make[1]: *** [cmTC_5cf17] Error 1
make[1]: Leaving directory '/home/zhaozhong/C++Test/PCL/CMakeFiles/CMakeTmp'
Makefile:126: recipe for target 'cmTC_5cf17/fast' failed
make: *** [cmTC_5cf17/fast] Error 2

File /home/zhaozhong/C++Test/PCL/CMakeFiles/CMakeTmp/CheckSymbolExists.c:
/* */
#include <pthread.h>

int main(int argc, char** argv)
{
  (void)argv;
#ifndef pthread_create
  return ((int*)(&pthread_create))[argc];
#else
  (void)argc;
  return 0;
#endif
}

Determining if the function pthread_create exists in the pthreads failed with the following output:
Change Dir: /home/zhaozhong/C++Test/PCL/CMakeFiles/CMakeTmp

Run Build Command:"/usr/bin/make" "cmTC_0a0bf/fast"
/usr/bin/make -f CMakeFiles/cmTC_0a0bf.dir/build.make CMakeFiles/cmTC_0a0bf.dir/build
make[1]: Entering directory '/home/zhaozhong/C++Test/PCL/CMakeFiles/CMakeTmp'
Building C object CMakeFiles/cmTC_0a0bf.dir/CheckFunctionExists.c.o
/usr/bin/cc    -DCHECK_FUNCTION_EXISTS=pthread_create   -o CMakeFiles/cmTC_0a0bf.dir/CheckFunctionExists.c.o   -c /usr/share/cmake-3.5/Modules/CheckFunctionExists.c
Linking C executable cmTC_0a0bf
/usr/bin/cmake -E cmake_link_script CMakeFiles/cmTC_0a0bf.dir/link.txt --verbose=1
/usr/bin/cc   -DCHECK_FUNCTION_EXISTS=pthread_create    CMakeFiles/cmTC_0a0bf.dir/CheckFunctionExists.c.o  -o cmTC_0a0bf -rdynamic -lpthreads 
/usr/bin/ld: cannot find -lpthreads
collect2: error: ld returned 1 exit status
CMakeFiles/cmTC_0a0bf.dir/build.make:97: recipe for target 'cmTC_0a0bf' failed
make[1]: *** [cmTC_0a0bf] Error 1
make[1]: Leaving directory '/home/zhaozhong/C++Test/PCL/CMakeFiles/CMakeTmp'
Makefile:126: recipe for target 'cmTC_0a0bf/fast' failed
make: *** [cmTC_0a0bf/fast] Error 2


